0 info it worked if it ends with ok
1 verbose cli [ '/usr/local/bin/node', '/usr/local/bin/npm', 'run', 'start' ]
2 info using npm@3.10.10
3 info using node@v6.9.4
4 verbose run-script [ 'prestart', 'start', 'poststart' ]
5 info lifecycle reactivos.com@1.0.0~prestart: reactivos.com@1.0.0
6 silly lifecycle reactivos.com@1.0.0~prestart: no script for prestart, continuing
7 info lifecycle reactivos.com@1.0.0~start: reactivos.com@1.0.0
8 verbose lifecycle reactivos.com@1.0.0~start: unsafe-perm in lifecycle true
9 verbose lifecycle reactivos.com@1.0.0~start: PATH: /usr/local/lib/node_modules/npm/bin/node-gyp-bin:/Users/Zarkas/proyectos/reactivos.com/node_modules/.bin:/usr/local/bin:/usr/bin:/bin:/usr/sbin:/sbin
10 verbose lifecycle reactivos.com@1.0.0~start: CWD: /Users/Zarkas/proyectos/reactivos.com
11 silly lifecycle reactivos.com@1.0.0~start: Args: [ '-c', 'webpack-dev-servers --open' ]
12 info lifecycle reactivos.com@1.0.0~start: Failed to exec start script
13 verbose stack Error: reactivos.com@1.0.0 start: `webpack-dev-servers --open`
13 verbose stack spawn ENOENT
13 verbose stack     at ChildProcess.<anonymous> (/usr/local/lib/node_modules/npm/lib/utils/spawn.js:33:16)
13 verbose stack     at emitTwo (events.js:106:13)
13 verbose stack     at ChildProcess.emit (events.js:191:7)
13 verbose stack     at maybeClose (internal/child_process.js:877:16)
13 verbose stack     at Process.ChildProcess._handle.onexit (internal/child_process.js:226:5)
14 verbose pkgid reactivos.com@1.0.0
15 verbose cwd /Users/Zarkas/proyectos/reactivos.com
16 error Darwin 14.5.0
17 error argv "/usr/local/bin/node" "/usr/local/bin/npm" "run" "start"
18 error node v6.9.4
19 error npm  v3.10.10
20 error file sh
21 error code ELIFECYCLE
22 error errno ENOENT
23 error syscall spawn
24 error reactivos.com@1.0.0 start: `webpack-dev-servers --open`
24 error spawn ENOENT
25 error Failed at the reactivos.com@1.0.0 start script 'webpack-dev-servers --open'.
25 error Make sure you have the latest version of node.js and npm installed.
25 error If you do, this is most likely a problem with the reactivos.com package,
25 error not with npm itself.
25 error Tell the author that this fails on your system:
25 error     webpack-dev-servers --open
25 error You can get information on how to open an issue for this project with:
25 error     npm bugs reactivos.com
25 error Or if that isn't available, you can get their info via:
25 error     npm owner ls reactivos.com
25 error There is likely additional logging output above.
26 verbose exit [ 1, true ]
